{"numFailedTestSuites":0,"numFailedTests":0,"numPassedTestSuites":1,"numPassedTests":1,"numPendingTestSuites":0,"numPendingTests":0,"numRuntimeErrorTestSuites":0,"numTodoTests":0,"numTotalTestSuites":1,"numTotalTests":1,"openHandles":[],"snapshot":{"added":0,"didUpdate":false,"failure":false,"filesAdded":0,"filesRemoved":0,"filesUnmatched":0,"filesUpdated":0,"matched":0,"total":0,"unchecked":0,"uncheckedKeysByFile":[],"unmatched":0,"updated":0},"startTime":1559821678300,"success":true,"testResults":[{"failureMessage":null,"numFailingTests":0,"numPassingTests":1,"numPendingTests":0,"numTodoTests":0,"perfStats":{"end":1559821681336,"start":1559821678328},"snapshot":{"added":0,"fileDeleted":false,"matched":0,"unchecked":0,"unmatched":0,"updated":0,"uncheckedKeys":[]},"testFilePath":"/Users/omermorad/WebstormProjects/mongoose-practice/tests/ex-3.test.ts","testResults":[{"ancestorTitles":["ex-3"],"duration":77,"failureMessages":[],"fullName":"ex-3 You should find books with fewer than 500 but more than 200 pages","location":null,"numPassingAsserts":0,"status":"passed","title":"You should find books with fewer than 500 but more than 200 pages"}],"skipped":false,"leaks":false}],"wasInterrupted":false}