{"numFailedTestSuites":1,"numFailedTests":1,"numPassedTestSuites":0,"numPassedTests":0,"numPendingTestSuites":0,"numPendingTests":0,"numRuntimeErrorTestSuites":0,"numTodoTests":0,"numTotalTestSuites":1,"numTotalTests":1,"openHandles":[],"snapshot":{"added":0,"didUpdate":false,"failure":false,"filesAdded":0,"filesRemoved":0,"filesUnmatched":0,"filesUpdated":0,"matched":0,"total":0,"unchecked":0,"uncheckedKeysByFile":[],"unmatched":0,"updated":0},"startTime":1559823415869,"success":false,"testResults":[{"failureMessage":"\u001b[1m\u001b[31m  \u001b[1m● \u001b[1mex-5 › You should find books whose rating is less than 5, and sort by the author's name\u001b[39m\u001b[22m\n\n    Error [ERR_UNHANDLED_ERROR]: Unhandled error. (Error: \u001b[2mexpect(\u001b[22m\u001b[31mreceived\u001b[39m\u001b[2m).\u001b[22mtoBe\u001b[2m(\u001b[22m\u001b[32mexpected\u001b[39m\u001b[2m) // Object.is equality\u001b[22m\n\n    Expected: \u001b[32m8\u001b[39m\n    Received: \u001b[31m3\u001b[39m)\n\u001b[2m\u001b[22m\n\u001b[2m      \u001b[2mat \u001b[2mnode_modules/mongoose/lib/model.js\u001b[2m:4741:13\u001b[2m\u001b[22m\n\u001b[2m      \u001b[2mat \u001b[2mnode_modules/mongoose/lib/utils.js\u001b[2m:263:16\u001b[2m\u001b[22m\n\u001b[2m      \u001b[2mat _hooks.execPost (\u001b[2mnode_modules/mongoose/lib/query.js\u001b[2m:4225:11)\u001b[2m\u001b[22m\n\u001b[2m      \u001b[2mat \u001b[2mnode_modules/kareem/index.js\u001b[2m:135:16\u001b[2m\u001b[22m\n","numFailingTests":1,"numPassingTests":0,"numPendingTests":0,"numTodoTests":0,"perfStats":{"end":1559823418957,"start":1559823415904},"snapshot":{"added":0,"fileDeleted":false,"matched":0,"unchecked":0,"unmatched":0,"updated":0,"uncheckedKeys":[]},"testFilePath":"/Users/omermorad/WebstormProjects/mongoose-practice/tests/ex-5.test.ts","testResults":[{"ancestorTitles":["ex-5"],"duration":59,"failureMessages":["Error [ERR_UNHANDLED_ERROR]: Unhandled error. (Error: \u001b[2mexpect(\u001b[22m\u001b[31mreceived\u001b[39m\u001b[2m).\u001b[22mtoBe\u001b[2m(\u001b[22m\u001b[32mexpected\u001b[39m\u001b[2m) // Object.is equality\u001b[22m\n\nExpected: \u001b[32m8\u001b[39m\nReceived: \u001b[31m3\u001b[39m)\n    at Function.emit (events.js:178:17)\n    at /Users/omermorad/WebstormProjects/mongoose-practice/node_modules/mongoose/lib/model.js:4741:13\n    at /Users/omermorad/WebstormProjects/mongoose-practice/node_modules/mongoose/lib/utils.js:263:16\n    at _hooks.execPost (/Users/omermorad/WebstormProjects/mongoose-practice/node_modules/mongoose/lib/query.js:4225:11)\n    at /Users/omermorad/WebstormProjects/mongoose-practice/node_modules/kareem/index.js:135:16\n    at process._tickCallback (internal/process/next_tick.js:61:11)"],"fullName":"ex-5 You should find books whose rating is less than 5, and sort by the author's name","location":null,"numPassingAsserts":0,"status":"failed","title":"You should find books whose rating is less than 5, and sort by the author's name"}],"skipped":false,"leaks":false}],"wasInterrupted":false}